build/app/intermediates/manifest_merge_blame_file/debug/manifest-merger-blame-debug-report.txt
1<?xml version="1.0" encoding="utf-8"?>
2<manifest xmlns:android="http://schemas.android.com/apk/res/android"
3    package="com.example.google_fit_test_task"
4    android:versionCode="1"
5    android:versionName="1.0.0" >
6
7    <uses-sdk
8        android:minSdkVersion="26"
9        android:targetSdkVersion="34" />
10    <!--
11         The INTERNET permission is required for development. Specifically,
12         the Flutter tool needs it to communicate with the running application
13         to allow setting breakpoints, to provide hot reload, etc.
14    -->
15    <uses-permission android:name="android.permission.INTERNET" />
15-->src\debug\AndroidManifest.xml:6:5-66
15-->src\debug\AndroidManifest.xml:6:22-64
16    <uses-permission android:name="android.permission.health.READ_HEART_RATE" />
16-->src\debug\AndroidManifest.xml:7:5-80
16-->src\debug\AndroidManifest.xml:7:22-78
17    <uses-permission android:name="android.permission.health.WRITE_HEART_RATE" />
17-->src\debug\AndroidManifest.xml:8:5-81
17-->src\debug\AndroidManifest.xml:8:22-79
18    <uses-permission android:name="android.permission.health.READ_STEPS" />
18-->src\debug\AndroidManifest.xml:9:5-75
18-->src\debug\AndroidManifest.xml:9:22-73
19    <uses-permission android:name="android.permission.health.WRITE_STEPS" />
19-->src\debug\AndroidManifest.xml:10:5-76
19-->src\debug\AndroidManifest.xml:10:22-74
20
21    <permission
21-->[androidx.core:core:1.12.0-alpha05] AndroidManifest.xml:22:5-24:47
22        android:name="com.example.google_fit_test_task.DYNAMIC_RECEIVER_NOT_EXPORTED_PERMISSION"
22-->[androidx.core:core:1.12.0-alpha05] AndroidManifest.xml:23:9-81
23        android:protectionLevel="signature" />
23-->[androidx.core:core:1.12.0-alpha05] AndroidManifest.xml:24:9-44
24
25    <uses-permission android:name="com.example.google_fit_test_task.DYNAMIC_RECEIVER_NOT_EXPORTED_PERMISSION" />
25-->[androidx.core:core:1.12.0-alpha05] AndroidManifest.xml:26:5-97
25-->[androidx.core:core:1.12.0-alpha05] AndroidManifest.xml:26:22-94
26
27    <application
28        android:name="android.app.Application"
29        android:appComponentFactory="androidx.core.app.CoreComponentFactory"
29-->[androidx.core:core:1.12.0-alpha05] AndroidManifest.xml:28:18-86
30        android:debuggable="true"
31        android:extractNativeLibs="false"
32        android:icon="@mipmap/ic_launcher"
33        android:label="google_fit_test_task" >
34        <activity
35            android:name="com.example.google_fit_test_task.MainActivity"
36            android:configChanges="orientation|keyboardHidden|keyboard|screenSize|smallestScreenSize|locale|layoutDirection|fontScale|screenLayout|density|uiMode"
37            android:exported="true"
38            android:hardwareAccelerated="true"
39            android:launchMode="singleTop"
40            android:theme="@style/LaunchTheme"
41            android:windowSoftInputMode="adjustResize" >
42
43            <!--
44                 Specifies an Android theme to apply to this Activity as soon as
45                 the Android process has started. This theme is visible to the user
46                 while the Flutter UI initializes. After that, this theme continues
47                 to determine the Window background behind the Flutter UI.
48            -->
49            <meta-data
50                android:name="io.flutter.embedding.android.NormalTheme"
51                android:resource="@style/NormalTheme" />
52
53            <intent-filter>
54                <action android:name="android.intent.action.MAIN" />
55
56                <category android:name="android.intent.category.LAUNCHER" />
57            </intent-filter>
58        </activity>
59        <!--
60             Don't delete the meta-data below.
61             This is used by the Flutter tool to generate GeneratedPluginRegistrant.java
62        -->
63        <meta-data
64            android:name="flutterEmbedding"
65            android:value="2" />
66
67        <service
67-->[androidx.health.connect:connect-client:1.1.0-alpha04] AndroidManifest.xml:24:9-32:19
68            android:name="androidx.health.platform.client.impl.sdkservice.HealthDataSdkService"
68-->[androidx.health.connect:connect-client:1.1.0-alpha04] AndroidManifest.xml:25:13-96
69            android:enabled="true"
69-->[androidx.health.connect:connect-client:1.1.0-alpha04] AndroidManifest.xml:26:13-35
70            android:exported="true" >
70-->[androidx.health.connect:connect-client:1.1.0-alpha04] AndroidManifest.xml:27:13-36
71            <intent-filter>
71-->[androidx.health.connect:connect-client:1.1.0-alpha04] AndroidManifest.xml:29:13-31:29
72                <action android:name="androidx.health.platform.client.ACTION_BIND_SDK_SERVICE" />
72-->[androidx.health.connect:connect-client:1.1.0-alpha04] AndroidManifest.xml:30:17-98
72-->[androidx.health.connect:connect-client:1.1.0-alpha04] AndroidManifest.xml:30:25-95
73            </intent-filter>
74        </service>
75
76        <activity
76-->[com.google.android.gms:play-services-auth:20.7.0] AndroidManifest.xml:23:9-27:75
77            android:name="com.google.android.gms.auth.api.signin.internal.SignInHubActivity"
77-->[com.google.android.gms:play-services-auth:20.7.0] AndroidManifest.xml:24:13-93
78            android:excludeFromRecents="true"
78-->[com.google.android.gms:play-services-auth:20.7.0] AndroidManifest.xml:25:13-46
79            android:exported="false"
79-->[com.google.android.gms:play-services-auth:20.7.0] AndroidManifest.xml:26:13-37
80            android:theme="@android:style/Theme.Translucent.NoTitleBar" />
80-->[com.google.android.gms:play-services-auth:20.7.0] AndroidManifest.xml:27:13-72
81        <!--
82            Service handling Google Sign-In user revocation. For apps that do not integrate with
83            Google Sign-In, this service will never be started.
84        -->
85        <service
85-->[com.google.android.gms:play-services-auth:20.7.0] AndroidManifest.xml:33:9-37:51
86            android:name="com.google.android.gms.auth.api.signin.RevocationBoundService"
86-->[com.google.android.gms:play-services-auth:20.7.0] AndroidManifest.xml:34:13-89
87            android:exported="true"
87-->[com.google.android.gms:play-services-auth:20.7.0] AndroidManifest.xml:35:13-36
88            android:permission="com.google.android.gms.auth.api.signin.permission.REVOCATION_NOTIFICATION"
88-->[com.google.android.gms:play-services-auth:20.7.0] AndroidManifest.xml:36:13-107
89            android:visibleToInstantApps="true" />
89-->[com.google.android.gms:play-services-auth:20.7.0] AndroidManifest.xml:37:13-48
90
91        <meta-data
91-->[com.google.android.gms:play-services-fitness:21.1.0] AndroidManifest.xml:23:9-25:38
92            android:name="com.google.gms.fitness.sdk.version"
92-->[com.google.android.gms:play-services-fitness:21.1.0] AndroidManifest.xml:24:13-62
93            android:value="21.1.0" />
93-->[com.google.android.gms:play-services-fitness:21.1.0] AndroidManifest.xml:25:13-35
94
95        <activity
95-->[com.google.android.gms:play-services-base:18.0.1] AndroidManifest.xml:20:9-22:45
96            android:name="com.google.android.gms.common.api.GoogleApiActivity"
96-->[com.google.android.gms:play-services-base:18.0.1] AndroidManifest.xml:20:19-85
97            android:exported="false"
97-->[com.google.android.gms:play-services-base:18.0.1] AndroidManifest.xml:22:19-43
98            android:theme="@android:style/Theme.Translucent.NoTitleBar" />
98-->[com.google.android.gms:play-services-base:18.0.1] AndroidManifest.xml:21:19-78
99
100        <meta-data
100-->[com.google.android.gms:play-services-basement:18.2.0] AndroidManifest.xml:21:9-23:69
101            android:name="com.google.android.gms.version"
101-->[com.google.android.gms:play-services-basement:18.2.0] AndroidManifest.xml:22:13-58
102            android:value="@integer/google_play_services_version" />
102-->[com.google.android.gms:play-services-basement:18.2.0] AndroidManifest.xml:23:13-66
103
104        <uses-library
104-->[androidx.window:window:1.0.0-beta04] AndroidManifest.xml:25:9-27:40
105            android:name="androidx.window.extensions"
105-->[androidx.window:window:1.0.0-beta04] AndroidManifest.xml:26:13-54
106            android:required="false" />
106-->[androidx.window:window:1.0.0-beta04] AndroidManifest.xml:27:13-37
107        <uses-library
107-->[androidx.window:window:1.0.0-beta04] AndroidManifest.xml:28:9-30:40
108            android:name="androidx.window.sidecar"
108-->[androidx.window:window:1.0.0-beta04] AndroidManifest.xml:29:13-51
109            android:required="false" />
109-->[androidx.window:window:1.0.0-beta04] AndroidManifest.xml:30:13-37
110    </application>
111
112</manifest>